10/5/2016 9:57:55 AM	This log contains information about the import schema operation into project 'ProDashBoard.DataLayer' on computer 'ISHANM-NEW' by user 'IshanM'.
10/5/2016 9:57:55 AM	Import of database schema has started.
10/5/2016 9:58:00 AM	Gathering database options
10/5/2016 9:58:00 AM	Gathering users
10/5/2016 9:58:00 AM	Gathering roles
10/5/2016 9:58:00 AM	Gathering application roles
10/5/2016 9:58:00 AM	Gathering role memberships
10/5/2016 9:58:00 AM	Gathering filegroups
10/5/2016 9:58:00 AM	Gathering full-text catalogs
10/5/2016 9:58:00 AM	Gathering assemblies
10/5/2016 9:58:00 AM	Gathering certificates
10/5/2016 9:58:00 AM	Gathering asymmetric keys
10/5/2016 9:58:00 AM	Gathering symmetric keys
10/5/2016 9:58:00 AM	Gathering encrypted symmetric keys
10/5/2016 9:58:00 AM	Gathering schemas
10/5/2016 9:58:00 AM	Gathering XML schema collections
10/5/2016 9:58:00 AM	Gathering user-defined data types
10/5/2016 9:58:00 AM	Gathering user-defined types
10/5/2016 9:58:00 AM	Gathering table types
10/5/2016 9:58:00 AM	Gathering unique keys for table types
10/5/2016 9:58:00 AM	Gathering primary keys for table types
10/5/2016 9:58:00 AM	Gathering indexes for table types
10/5/2016 9:58:00 AM	Gathering check constraints for table types
10/5/2016 9:58:00 AM	Gathering default constraints for table types
10/5/2016 9:58:00 AM	Gathering partition functions
10/5/2016 9:58:00 AM	Gathering partition schemes
10/5/2016 9:58:00 AM	Gathering functions
10/5/2016 9:58:00 AM	Gathering encrypted functions
10/5/2016 9:58:00 AM	Gathering aggregates
10/5/2016 9:58:00 AM	Gathering procedures
10/5/2016 9:58:00 AM	Gathering encrypted procedures
10/5/2016 9:58:00 AM	Gathering tables
10/5/2016 9:58:00 AM	Gathering primary keys
10/5/2016 9:58:00 AM	Gathering unique constraints
10/5/2016 9:58:00 AM	Gathering foreign keys
10/5/2016 9:58:00 AM	Gathering default constraints
10/5/2016 9:58:00 AM	Gathering check constraints
10/5/2016 9:58:00 AM	Gathering views
10/5/2016 9:58:00 AM	Gathering encrypted views
10/5/2016 9:58:00 AM	Gathering indexes
10/5/2016 9:58:00 AM	Gathering statistics
10/5/2016 9:58:00 AM	Gathering full-text index stoplists
10/5/2016 9:58:00 AM	Gathering search property lists
10/5/2016 9:58:00 AM	Gathering search properties
10/5/2016 9:58:00 AM	Gathering full-text indexes
10/5/2016 9:58:00 AM	Gathering column store indexes
10/5/2016 9:58:00 AM	Gathering spatial indexes
10/5/2016 9:58:00 AM	Gathering XML indexes
10/5/2016 9:58:00 AM	Gathering Selective XML indexes
10/5/2016 9:58:00 AM	Gathering encrypted triggers
10/5/2016 9:58:00 AM	Gathering triggers
10/5/2016 9:58:00 AM	Gathering encrypted and clr ddl triggers
10/5/2016 9:58:00 AM	Gathering ddl triggers
10/5/2016 9:58:00 AM	Gathering synonyms
10/5/2016 9:58:00 AM	Gathering defaults
10/5/2016 9:58:00 AM	Gathering data constraint uddt bindings
10/5/2016 9:58:00 AM	Gathering rules
10/5/2016 9:58:00 AM	Gathering data constraint uddt bindings
10/5/2016 9:58:00 AM	Gathering message types
10/5/2016 9:58:00 AM	Gathering queues
10/5/2016 9:58:00 AM	Gathering contracts
10/5/2016 9:58:00 AM	Gathering services
10/5/2016 9:58:00 AM	Gathering event notifications
10/5/2016 9:58:00 AM	Gathering remote service bindings
10/5/2016 9:58:00 AM	Gathering broker priorities
10/5/2016 9:58:00 AM	Gathering signatures
10/5/2016 9:58:00 AM	Gathering data compression options
10/5/2016 9:58:00 AM	Gathering sequence types
10/5/2016 9:58:00 AM	Gathering extended properties
10/5/2016 9:58:00 AM	Gathering credentials
10/5/2016 9:58:00 AM	Gathering logins
10/5/2016 9:58:00 AM	Gathering server audits
10/5/2016 9:58:00 AM	Scanning project for duplicate elements
10/5/2016 9:58:03 AM	Finished duplicate element processing
10/5/2016 9:58:03 AM	Finished importing database.
10/5/2016 9:58:03 AM	A summary of the import was saved to the following location: E:\CompleteSolution\Project - Copy\2016-7-18\ProDashBoard\ProDashBoard.DataLayer\Import Schema Logs\ProDashBoard.DataLay_20161005042755.log
10/5/2016 9:58:03 AM	Click Finish to continue...
